  AppClass.cpp
c:\users\aaron\documents\visual studio 2015\projects\ballinmaze\modelviewer\appclass.cpp(133): warning C4018: '>': signed/unsigned mismatch
  ModelViewer.vcxproj -> C:\Users\Aaron\Documents\Visual Studio 2015\Projects\BallinMaze\Z_DELETE\ModelViewerD.exe
  ModelViewer.vcxproj -> C:\Users\Aaron\Documents\Visual Studio 2015\Projects\BallinMaze\Z_DELETE\ModelViewerD.pdb (Full PDB)
  A subdirectory or file C:\Users\Aaron\Documents\Visual Studio 2015\Projects\BallinMaze\_Binary\ already exists.
  C:\Users\Aaron\Documents\Visual Studio 2015\Projects\BallinMaze\include\GL\bin\glew32.dll
  C:\Users\Aaron\Documents\Visual Studio 2015\Projects\BallinMaze\include\GL\bin\glut32.dll
  2 File(s) copied
  C:\Users\Aaron\Documents\Visual Studio 2015\Projects\BallinMaze\include\RE\bin\2015\ReEng_VS15.dll
  C:\Users\Aaron\Documents\Visual Studio 2015\Projects\BallinMaze\include\RE\bin\2015\ReEng_VS15_d.dll
  2 File(s) copied
  C:\Users\Aaron\Documents\Visual Studio 2015\Projects\BallinMaze\include\SFML\bin\sfml-system-2.dll
  1 File(s) copied
  C:\Users\Aaron\Documents\Visual Studio 2015\Projects\BallinMaze\include\SFML\bin\sfml-window-2.dll
  1 File(s) copied
  A subdirectory or file C:\Users\Aaron\Documents\Visual Studio 2015\Projects\BallinMaze\_Binary\Shaders\ already exists.
  C:\Users\Aaron\Documents\Visual Studio 2015\Projects\BallinMaze\include\RE\Shaders\Basic.fs
  C:\Users\Aaron\Documents\Visual Studio 2015\Projects\BallinMaze\include\RE\Shaders\Basic.vs
  C:\Users\Aaron\Documents\Visual Studio 2015\Projects\BallinMaze\include\RE\Shaders\BasicColor.fs
  C:\Users\Aaron\Documents\Visual Studio 2015\Projects\BallinMaze\include\RE\Shaders\BasicColor.vs
  C:\Users\Aaron\Documents\Visual Studio 2015\Projects\BallinMaze\include\RE\Shaders\Color.fs
  C:\Users\Aaron\Documents\Visual Studio 2015\Projects\BallinMaze\include\RE\Shaders\Color.vs
  C:\Users\Aaron\Documents\Visual Studio 2015\Projects\BallinMaze\include\RE\Shaders\PassThrough.fs
  C:\Users\Aaron\Documents\Visual Studio 2015\Projects\BallinMaze\include\RE\Shaders\PassThrough.vs
  C:\Users\Aaron\Documents\Visual Studio 2015\Projects\BallinMaze\include\RE\Shaders\Phong.fs
  C:\Users\Aaron\Documents\Visual Studio 2015\Projects\BallinMaze\include\RE\Shaders\Phong.vs
  C:\Users\Aaron\Documents\Visual Studio 2015\Projects\BallinMaze\include\RE\Shaders\REShader.fs
  C:\Users\Aaron\Documents\Visual Studio 2015\Projects\BallinMaze\include\RE\Shaders\REShader.vs
  C:\Users\Aaron\Documents\Visual Studio 2015\Projects\BallinMaze\include\RE\Shaders\REShaderInv.fs
  C:\Users\Aaron\Documents\Visual Studio 2015\Projects\BallinMaze\include\RE\Shaders\REShaderMC.fs
  C:\Users\Aaron\Documents\Visual Studio 2015\Projects\BallinMaze\include\RE\Shaders\Skybox.fs
  C:\Users\Aaron\Documents\Visual Studio 2015\Projects\BallinMaze\include\RE\Shaders\Skybox.vs
  C:\Users\Aaron\Documents\Visual Studio 2015\Projects\BallinMaze\include\RE\Shaders\Test.fs
  C:\Users\Aaron\Documents\Visual Studio 2015\Projects\BallinMaze\include\RE\Shaders\Test.vs
  C:\Users\Aaron\Documents\Visual Studio 2015\Projects\BallinMaze\include\RE\Shaders\TextShader.fs
  C:\Users\Aaron\Documents\Visual Studio 2015\Projects\BallinMaze\include\RE\Shaders\TextShader.vs
  20 File(s) copied
